[
  {
    "id": "title-of-your-feature",
    "tags": [
      {
        "name": "@smoke",
        "line": 8
      }
    ],
    "description": "I want to use this template for my feature file",
    "name": "Title of your feature",
    "keyword": "Feature",
    "line": 9,
    "elements": [
      {
        "id": "title-of-your-feature;title-of-your-scenario",
        "tags": [
          {
            "name": "@smoke",
            "line": 11
          }
        ],
        "description": "",
        "name": "Title of your scenario",
        "keyword": "Scenario",
        "line": 12,
        "steps": [
          {
            "result": {
              "duration": 24818589236,
              "status": "passed"
            },
            "name": "I want to write a step with precondition",
            "keyword": "Given ",
            "line": 13,
            "match": {
              "location": "StepDef.i_want_to_write_a_step_with_precondition()"
            }
          },
          {
            "result": {
              "duration": 17927297534,
              "status": "passed"
            },
            "name": "I complete action",
            "keyword": "When ",
            "line": 14,
            "match": {
              "location": "StepDef.i_complete_action()"
            }
          },
          {
            "result": {
              "duration": 2042785461,
              "status": "failed",
              "error_message": "org.openqa.selenium.NoSuchElementException: Unable to locate element: {\"method\":\"xpath\",\"selector\":\"/html/body/div[2]/div[1]/span[1]/div/div/ul/li[3]\"}\nCommand duration or timeout: 1.81 seconds\nFor documentation on this error, please visit: http://seleniumhq.org/exceptions/no_such_element.html\nBuild info: version: \u00272.53.0\u0027, revision: \u002735ae25b1534ae328c771e0856c93e187490ca824\u0027, time: \u00272016-03-15 10:43:46\u0027\nSystem info: host: \u0027LH7U05CG6302VSS\u0027, ip: \u002710.228.26.152\u0027, os.name: \u0027Windows 7\u0027, os.arch: \u0027amd64\u0027, os.version: \u00276.1\u0027, java.version: \u00271.7.0_71\u0027\n*** Element info: {Using\u003dxpath, value\u003d/html/body/div[2]/div[1]/span[1]/div/div/ul/li[3]}\nSession ID: 1c4e8f4b-ded4-46e2-9759-fdfb2c6c8cd5\nDriver info: org.openqa.selenium.firefox.FirefoxDriver\nCapabilities [{platform\u003dWINDOWS, acceptSslCerts\u003dtrue, javascriptEnabled\u003dtrue, cssSelectorsEnabled\u003dtrue, databaseEnabled\u003dtrue, browserName\u003dfirefox, handlesAlerts\u003dtrue, nativeEvents\u003dfalse, webStorageEnabled\u003dtrue, rotatable\u003dfalse, locationContextEnabled\u003dtrue, applicationCacheEnabled\u003dtrue, takesScreenshot\u003dtrue, version\u003d38.0.1}]\r\n\tat sun.reflect.NativeConstructorAccessorImpl.newInstance0(Native Method)\r\n\tat sun.reflect.NativeConstructorAccessorImpl.newInstance(NativeConstructorAccessorImpl.java:57)\r\n\tat sun.reflect.DelegatingConstructorAccessorImpl.newInstance(DelegatingConstructorAccessorImpl.java:45)\r\n\tat java.lang.reflect.Constructor.newInstance(Constructor.java:526)\r\n\tat org.openqa.selenium.remote.ErrorHandler.createThrowable(ErrorHandler.java:206)\r\n\tat org.openqa.selenium.remote.ErrorHandler.throwIfResponseFailed(ErrorHandler.java:158)\r\n\tat org.openqa.selenium.remote.RemoteWebDriver.execute(RemoteWebDriver.java:678)\r\n\tat org.openqa.selenium.remote.RemoteWebDriver.findElement(RemoteWebDriver.java:363)\r\n\tat org.openqa.selenium.remote.RemoteWebDriver.findElementByXPath(RemoteWebDriver.java:500)\r\n\tat org.openqa.selenium.By$ByXPath.findElement(By.java:361)\r\n\tat org.openqa.selenium.remote.RemoteWebDriver.findElement(RemoteWebDriver.java:355)\r\n\tat C3.C3Testing.StepDef.ClickAssessment(StepDef.java:101)\r\n\tat C3.C3Testing.StepDef.i_validate_the_outcomes(StepDef.java:45)\r\n\tat ✽.Then I validate the outcomes(Testing.feature:15)\r\nCaused by: org.openqa.selenium.NoSuchElementException: Unable to locate element: {\"method\":\"xpath\",\"selector\":\"/html/body/div[2]/div[1]/span[1]/div/div/ul/li[3]\"}\nFor documentation on this error, please visit: http://seleniumhq.org/exceptions/no_such_element.html\nBuild info: version: \u00272.53.0\u0027, revision: \u002735ae25b1534ae328c771e0856c93e187490ca824\u0027, time: \u00272016-03-15 10:43:46\u0027\nSystem info: host: \u0027LH7U05CG6302VSS\u0027, ip: \u002710.228.26.152\u0027, os.name: \u0027Windows 7\u0027, os.arch: \u0027amd64\u0027, os.version: \u00276.1\u0027, java.version: \u00271.7.0_71\u0027\nDriver info: driver.version: unknown\r\n\tat \u003canonymous class\u003e.FirefoxDriver.prototype.findElementInternal_(file:///C:/Users/ssankhe1/AppData/Local/Temp/anonymous6807856490257525132webdriver-profile/extensions/fxdriver@googlecode.com/components/driver-component.js:10770)\r\n\tat \u003canonymous class\u003e.FirefoxDriver.prototype.findElement(file:///C:/Users/ssankhe1/AppData/Local/Temp/anonymous6807856490257525132webdriver-profile/extensions/fxdriver@googlecode.com/components/driver-component.js:10779)\r\n\tat \u003canonymous class\u003e.DelayedCommand.prototype.executeInternal_/h(file:///C:/Users/ssankhe1/AppData/Local/Temp/anonymous6807856490257525132webdriver-profile/extensions/fxdriver@googlecode.com/components/command-processor.js:12661)\r\n\tat \u003canonymous class\u003e.DelayedCommand.prototype.executeInternal_(file:///C:/Users/ssankhe1/AppData/Local/Temp/anonymous6807856490257525132webdriver-profile/extensions/fxdriver@googlecode.com/components/command-processor.js:12666)\r\n\tat \u003canonymous class\u003e.DelayedCommand.prototype.execute/\u003c(file:///C:/Users/ssankhe1/AppData/Local/Temp/anonymous6807856490257525132webdriver-profile/extensions/fxdriver@googlecode.com/components/command-processor.js:12608)\r\n"
            },
            "name": "I validate the outcomes",
            "keyword": "Then ",
            "line": 15,
            "match": {
              "location": "StepDef.i_validate_the_outcomes()"
            }
          }
        ],
        "type": "scenario"
      }
    ],
    "uri": "Testing.feature",
    "comments": [
      {
        "value": "#Author: sourabh.sankhe@optum.com",
        "line": 1
      },
      {
        "value": "#Feature: Smoke Test ICUE Alpha",
        "line": 2
      },
      {
        "value": "#Given: Login to ICUE",
        "line": 3
      },
      {
        "value": "#When: Some key actions",
        "line": 4
      },
      {
        "value": "#Then: To observe outcomes or validations",
        "line": 5
      },
      {
        "value": "#Sample Feature Definition",
        "line": 7
      }
    ]
  },
  {
    "id": "title-of-your-feature2",
    "tags": [
      {
        "name": "@smoke",
        "line": 8
      }
    ],
    "description": "I want to use this template for my feature file",
    "name": "Title of your feature2",
    "keyword": "Feature",
    "line": 9,
    "elements": [
      {
        "id": "title-of-your-feature2;title-of-your-scenario2",
        "tags": [
          {
            "name": "@smoke",
            "line": 11
          }
        ],
        "description": "",
        "name": "Title of your scenario2",
        "keyword": "Scenario",
        "line": 12,
        "steps": [
          {
            "result": {
              "duration": 12741465880,
              "status": "passed"
            },
            "name": "I want to write a step with precondition2",
            "keyword": "Given ",
            "line": 13,
            "match": {
              "arguments": [
                {
                  "val": "2",
                  "offset": 40
                }
              ],
              "location": "StepDefsecondfeature.i_want_to_write_a_step_with_precondition(int)"
            }
          },
          {
            "result": {
              "duration": 3204279859,
              "status": "passed"
            },
            "name": "I complete action2",
            "keyword": "When ",
            "line": 14,
            "match": {
              "arguments": [
                {
                  "val": "2",
                  "offset": 17
                }
              ],
              "location": "StepDefsecondfeature.i_complete_action(int)"
            }
          },
          {
            "result": {
              "duration": 2114075145,
              "status": "failed",
              "error_message": "org.openqa.selenium.remote.UnreachableBrowserException: Error communicating with the remote browser. It may have died.\nBuild info: version: \u00272.53.0\u0027, revision: \u002735ae25b1534ae328c771e0856c93e187490ca824\u0027, time: \u00272016-03-15 10:43:46\u0027\nSystem info: host: \u0027LH7U05CG6302VSS\u0027, ip: \u002710.228.26.152\u0027, os.name: \u0027Windows 7\u0027, os.arch: \u0027amd64\u0027, os.version: \u00276.1\u0027, java.version: \u00271.7.0_71\u0027\nDriver info: driver.version: RemoteWebDriver\nSession ID: f7985d8b-71e4-4f81-85e6-3adb87dca072\nCapabilities [{platform\u003dWINDOWS, acceptSslCerts\u003dtrue, javascriptEnabled\u003dtrue, cssSelectorsEnabled\u003dtrue, databaseEnabled\u003dtrue, browserName\u003dfirefox, handlesAlerts\u003dtrue, nativeEvents\u003dfalse, webStorageEnabled\u003dtrue, rotatable\u003dfalse, locationContextEnabled\u003dtrue, applicationCacheEnabled\u003dtrue, takesScreenshot\u003dtrue, version\u003d38.0.1}]\r\n\tat org.openqa.selenium.remote.RemoteWebDriver.execute(RemoteWebDriver.java:665)\r\n\tat org.openqa.selenium.remote.RemoteWebDriver.findElement(RemoteWebDriver.java:363)\r\n\tat org.openqa.selenium.remote.RemoteWebDriver.findElementById(RemoteWebDriver.java:413)\r\n\tat org.openqa.selenium.By$ById.findElement(By.java:218)\r\n\tat org.openqa.selenium.remote.RemoteWebDriver.findElement(RemoteWebDriver.java:355)\r\n\tat C3.C3Testing.StepDefsecondfeature.i_validate_the_outcomes(StepDefsecondfeature.java:79)\r\n\tat ✽.Then I validate the outcomes2(Testing2.feature:15)\r\nCaused by: org.apache.http.conn.HttpHostConnectException: Connect to 127.0.0.1:7056 [/127.0.0.1] failed: Connection refused: connect\r\n\tat org.apache.http.impl.conn.DefaultHttpClientConnectionOperator.connect(DefaultHttpClientConnectionOperator.java:151)\r\n\tat org.apache.http.impl.conn.PoolingHttpClientConnectionManager.connect(PoolingHttpClientConnectionManager.java:353)\r\n\tat org.apache.http.impl.execchain.MainClientExec.establishRoute(MainClientExec.java:380)\r\n\tat org.apache.http.impl.execchain.MainClientExec.execute(MainClientExec.java:236)\r\n\tat org.apache.http.impl.execchain.ProtocolExec.execute(ProtocolExec.java:184)\r\n\tat org.apache.http.impl.execchain.RetryExec.execute(RetryExec.java:88)\r\n\tat org.apache.http.impl.execchain.RedirectExec.execute(RedirectExec.java:110)\r\n\tat org.apache.http.impl.client.InternalHttpClient.doExecute(InternalHttpClient.java:184)\r\n\tat org.apache.http.impl.client.CloseableHttpClient.execute(CloseableHttpClient.java:71)\r\n\tat org.apache.http.impl.client.CloseableHttpClient.execute(CloseableHttpClient.java:55)\r\n\tat org.openqa.selenium.remote.internal.ApacheHttpClient.fallBackExecute(ApacheHttpClient.java:144)\r\n\tat org.openqa.selenium.remote.internal.ApacheHttpClient.execute(ApacheHttpClient.java:90)\r\n\tat org.openqa.selenium.remote.HttpCommandExecutor.execute(HttpCommandExecutor.java:142)\r\n\tat org.openqa.selenium.firefox.internal.NewProfileExtensionConnection.execute(NewProfileExtensionConnection.java:160)\r\n\tat org.openqa.selenium.firefox.FirefoxDriver$LazyCommandExecutor.execute(FirefoxDriver.java:380)\r\n\tat org.openqa.selenium.remote.RemoteWebDriver.execute(RemoteWebDriver.java:644)\r\n\tat org.openqa.selenium.remote.RemoteWebDriver.findElement(RemoteWebDriver.java:363)\r\n\tat org.openqa.selenium.remote.RemoteWebDriver.findElementById(RemoteWebDriver.java:413)\r\n\tat org.openqa.selenium.By$ById.findElement(By.java:218)\r\n\tat org.openqa.selenium.remote.RemoteWebDriver.findElement(RemoteWebDriver.java:355)\r\n\tat C3.C3Testing.StepDefsecondfeature.i_validate_the_outcomes(StepDefsecondfeature.java:79)\r\n\tat sun.reflect.NativeMethodAccessorImpl.invoke0(Native Method)\r\n\tat sun.reflect.NativeMethodAccessorImpl.invoke(NativeMethodAccessorImpl.java:57)\r\n\tat sun.reflect.DelegatingMethodAccessorImpl.invoke(DelegatingMethodAccessorImpl.java:43)\r\n\tat java.lang.reflect.Method.invoke(Method.java:606)\r\n\tat cucumber.runtime.Utils$1.call(Utils.java:37)\r\n\tat cucumber.runtime.Timeout.timeout(Timeout.java:13)\r\n\tat cucumber.runtime.Utils.invoke(Utils.java:31)\r\n\tat cucumber.runtime.java.JavaStepDefinition.execute(JavaStepDefinition.java:37)\r\n\tat cucumber.runtime.StepDefinitionMatch.runStep(StepDefinitionMatch.java:37)\r\n\tat cucumber.runtime.Runtime.runStep(Runtime.java:298)\r\n\tat cucumber.runtime.model.StepContainer.runStep(StepContainer.java:44)\r\n\tat cucumber.runtime.model.StepContainer.runSteps(StepContainer.java:39)\r\n\tat cucumber.runtime.model.CucumberScenario.run(CucumberScenario.java:48)\r\n\tat cucumber.runtime.junit.ExecutionUnitRunner.run(ExecutionUnitRunner.java:91)\r\n\tat cucumber.runtime.junit.FeatureRunner.runChild(FeatureRunner.java:63)\r\n\tat cucumber.runtime.junit.FeatureRunner.runChild(FeatureRunner.java:18)\r\n\tat org.junit.runners.ParentRunner$3.run(ParentRunner.java:238)\r\n\tat org.junit.runners.ParentRunner$1.schedule(ParentRunner.java:63)\r\n\tat org.junit.runners.ParentRunner.runChildren(ParentRunner.java:236)\r\n\tat org.junit.runners.ParentRunner.access$000(ParentRunner.java:53)\r\n\tat org.junit.runners.ParentRunner$2.evaluate(ParentRunner.java:229)\r\n\tat org.junit.runners.ParentRunner.run(ParentRunner.java:309)\r\n\tat cucumber.runtime.junit.FeatureRunner.run(FeatureRunner.java:70)\r\n\tat cucumber.api.junit.Cucumber.runChild(Cucumber.java:93)\r\n\tat cucumber.api.junit.Cucumber.runChild(Cucumber.java:37)\r\n\tat org.junit.runners.ParentRunner$3.run(ParentRunner.java:238)\r\n\tat org.junit.runners.ParentRunner$1.schedule(ParentRunner.java:63)\r\n\tat org.junit.runners.ParentRunner.runChildren(ParentRunner.java:236)\r\n\tat org.junit.runners.ParentRunner.access$000(ParentRunner.java:53)\r\n\tat org.junit.runners.ParentRunner$2.evaluate(ParentRunner.java:229)\r\n\tat org.junit.runners.ParentRunner.run(ParentRunner.java:309)\r\n\tat cucumber.api.junit.Cucumber.run(Cucumber.java:98)\r\n\tat org.eclipse.jdt.internal.junit4.runner.JUnit4TestReference.run(JUnit4TestReference.java:86)\r\n\tat org.eclipse.jdt.internal.junit.runner.TestExecution.run(TestExecution.java:38)\r\n\tat org.eclipse.jdt.internal.junit.runner.RemoteTestRunner.runTests(RemoteTestRunner.java:459)\r\n\tat org.eclipse.jdt.internal.junit.runner.RemoteTestRunner.runTests(RemoteTestRunner.java:675)\r\n\tat org.eclipse.jdt.internal.junit.runner.RemoteTestRunner.run(RemoteTestRunner.java:382)\r\n\tat org.eclipse.jdt.internal.junit.runner.RemoteTestRunner.main(RemoteTestRunner.java:192)\r\nCaused by: java.net.ConnectException: Connection refused: connect\r\n\tat java.net.DualStackPlainSocketImpl.waitForConnect(Native Method)\r\n\tat java.net.DualStackPlainSocketImpl.socketConnect(DualStackPlainSocketImpl.java:85)\r\n\tat java.net.AbstractPlainSocketImpl.doConnect(AbstractPlainSocketImpl.java:339)\r\n\tat java.net.AbstractPlainSocketImpl.connectToAddress(AbstractPlainSocketImpl.java:200)\r\n\tat java.net.AbstractPlainSocketImpl.connect(AbstractPlainSocketImpl.java:182)\r\n\tat java.net.PlainSocketImpl.connect(PlainSocketImpl.java:172)\r\n\tat java.net.SocksSocketImpl.connect(SocksSocketImpl.java:392)\r\n\tat java.net.Socket.connect(Socket.java:579)\r\n\tat org.apache.http.conn.socket.PlainConnectionSocketFactory.connectSocket(PlainConnectionSocketFactory.java:74)\r\n\tat org.apache.http.impl.conn.DefaultHttpClientConnectionOperator.connect(DefaultHttpClientConnectionOperator.java:134)\r\n\t... 58 more\r\n"
            },
            "name": "I validate the outcomes2",
            "keyword": "Then ",
            "line": 15,
            "match": {
              "arguments": [
                {
                  "val": "2",
                  "offset": 23
                }
              ],
              "location": "StepDefsecondfeature.i_validate_the_outcomes(int)"
            }
          }
        ],
        "type": "scenario"
      }
    ],
    "uri": "Testing2.feature",
    "comments": [
      {
        "value": "#Author: sourabh.sankhe@optum.com",
        "line": 1
      },
      {
        "value": "#Feature: Smoke Test ICUE Bravo",
        "line": 2
      },
      {
        "value": "#Given: Login to ICUE and Run a loop of Menu Options",
        "line": 3
      },
      {
        "value": "#When: Some key actions",
        "line": 4
      },
      {
        "value": "#Then: To observe outcomes or validation",
        "line": 5
      },
      {
        "value": "#Sample Feature Definition",
        "line": 7
      }
    ]
  }
]